<?xml version="1.0" encoding="UTF-8"?>
<coverage generated="1603261336731" clover="3.2.0">
  <project timestamp="1603261336733" name="All files">
    <metrics statements="171" coveredstatements="150" conditionals="157" coveredconditionals="128" methods="33" coveredmethods="32" elements="361" coveredelements="310" complexity="0" loc="171" ncloc="171" packages="2" files="3" classes="3"/>
    <package name="crm-validator">
      <metrics statements="15" coveredstatements="14" conditionals="6" coveredconditionals="4" methods="4" coveredmethods="4"/>
      <file name="index.ts" path="E:\code\learn\crm-validator\index.ts">
        <metrics statements="15" coveredstatements="14" conditionals="6" coveredconditionals="4" methods="4" coveredmethods="4"/>
        <line num="1" count="2" type="stmt"/>
        <line num="2" count="2" type="stmt"/>
        <line num="4" count="2" type="stmt"/>
        <line num="7" count="2" type="stmt"/>
        <line num="8" count="2" type="stmt"/>
        <line num="10" count="28" type="stmt"/>
        <line num="12" count="2" type="stmt"/>
        <line num="15" count="2" type="stmt"/>
        <line num="16" count="1" type="stmt"/>
        <line num="17" count="1" type="cond" truecount="3" falsecount="1"/>
        <line num="18" count="1" type="cond" truecount="1" falsecount="1"/>
        <line num="20" count="1" type="stmt"/>
        <line num="22" count="0" type="stmt"/>
        <line num="25" count="2" type="stmt"/>
        <line num="27" count="2" type="stmt"/>
      </file>
    </package>
    <package name="crm-validator.src">
      <metrics statements="156" coveredstatements="136" conditionals="151" coveredconditionals="124" methods="29" coveredmethods="28"/>
      <file name="validate.ts" path="E:\code\learn\crm-validator\src\validate.ts">
        <metrics statements="118" coveredstatements="102" conditionals="110" coveredconditionals="88" methods="15" coveredmethods="15"/>
        <line num="2" count="2" type="stmt"/>
        <line num="3" count="2" type="stmt"/>
        <line num="5" count="2" type="stmt"/>
        <line num="8" count="2" type="stmt"/>
        <line num="9" count="345" type="cond" truecount="6" falsecount="0"/>
        <line num="13" count="2" type="stmt"/>
        <line num="14" count="53" type="cond" truecount="4" falsecount="1"/>
        <line num="15" count="0" type="stmt"/>
        <line num="17" count="53" type="stmt"/>
        <line num="18" count="53" type="stmt"/>
        <line num="22" count="122" type="cond" truecount="2" falsecount="0"/>
        <line num="23" count="69" type="stmt"/>
        <line num="24" count="81" type="stmt"/>
        <line num="25" count="81" type="cond" truecount="3" falsecount="1"/>
        <line num="26" count="0" type="stmt"/>
        <line num="30" count="81" type="cond" truecount="3" falsecount="1"/>
        <line num="31" count="0" type="stmt"/>
        <line num="35" count="81" type="cond" truecount="4" falsecount="1"/>
        <line num="36" count="0" type="stmt"/>
        <line num="40" count="81" type="cond" truecount="2" falsecount="0"/>
        <line num="41" count="73" type="cond" truecount="3" falsecount="2"/>
        <line num="42" count="0" type="cond" truecount="0" falsecount="2"/>
        <line num="46" count="81" type="cond" truecount="4" falsecount="0"/>
        <line num="47" count="16" type="cond" truecount="3" falsecount="1"/>
        <line num="48" count="16" type="stmt"/>
        <line num="51" count="69" type="stmt"/>
        <line num="55" count="58" type="cond" truecount="1" falsecount="1"/>
        <line num="56" count="29" type="stmt"/>
        <line num="68" count="2" type="stmt"/>
        <line num="69" count="57" type="cond" truecount="2" falsecount="0"/>
        <line num="70" count="7" type="stmt"/>
        <line num="71" count="50" type="cond" truecount="2" falsecount="0"/>
        <line num="72" count="45" type="stmt"/>
        <line num="73" count="5" type="cond" truecount="2" falsecount="0"/>
        <line num="74" count="2" type="stmt"/>
        <line num="75" count="3" type="cond" truecount="1" falsecount="1"/>
        <line num="76" count="3" type="stmt"/>
        <line num="78" count="0" type="stmt"/>
        <line num="82" count="59" type="cond" truecount="2" falsecount="0"/>
        <line num="83" count="52" type="stmt"/>
        <line num="84" count="52" type="cond" truecount="1" falsecount="1"/>
        <line num="85" count="52" type="stmt"/>
        <line num="87" count="0" type="stmt"/>
        <line num="91" count="2" type="stmt"/>
        <line num="92" count="2" type="stmt"/>
        <line num="93" count="2" type="cond" truecount="1" falsecount="1"/>
        <line num="95" count="2" type="stmt"/>
        <line num="99" count="2" type="stmt"/>
        <line num="100" count="2" type="stmt"/>
        <line num="101" count="2" type="cond" truecount="1" falsecount="6"/>
        <line num="102" count="0" type="stmt"/>
        <line num="103" count="0" type="stmt"/>
        <line num="104" count="0" type="stmt"/>
        <line num="105" count="0" type="stmt"/>
        <line num="106" count="0" type="stmt"/>
        <line num="107" count="0" type="stmt"/>
        <line num="111" count="2" type="stmt"/>
        <line num="112" count="3" type="stmt"/>
        <line num="113" count="8" type="stmt"/>
        <line num="114" count="8" type="stmt"/>
        <line num="115" count="8" type="stmt"/>
        <line num="116" count="8" type="stmt"/>
        <line num="117" count="8" type="cond" truecount="2" falsecount="0"/>
        <line num="118" count="7" type="cond" truecount="2" falsecount="0"/>
        <line num="120" count="0" type="stmt"/>
        <line num="125" count="2" type="stmt"/>
        <line num="126" count="57" type="stmt"/>
        <line num="127" count="57" type="stmt"/>
        <line num="128" count="45" type="cond" truecount="4" falsecount="0"/>
        <line num="129" count="2" type="stmt"/>
        <line num="130" count="3" type="stmt"/>
        <line num="131" count="7" type="stmt"/>
        <line num="136" count="2" type="stmt"/>
        <line num="137" count="71" type="stmt"/>
        <line num="138" count="71" type="stmt"/>
        <line num="139" count="71" type="stmt"/>
        <line num="140" count="71" type="stmt"/>
        <line num="141" count="71" type="cond" truecount="2" falsecount="0"/>
        <line num="143" count="50" type="stmt"/>
        <line num="146" count="2" type="stmt"/>
        <line num="147" count="71" type="stmt"/>
        <line num="151" count="2" type="stmt"/>
        <line num="152" count="12" type="stmt"/>
        <line num="153" count="12" type="stmt"/>
        <line num="154" count="12" type="stmt"/>
        <line num="155" count="12" type="stmt"/>
        <line num="156" count="12" type="cond" truecount="2" falsecount="0"/>
        <line num="158" count="7" type="stmt"/>
        <line num="161" count="2" type="stmt"/>
        <line num="162" count="53" type="cond" truecount="1" falsecount="1"/>
        <line num="163" count="53" type="stmt"/>
        <line num="164" count="53" type="stmt"/>
        <line num="165" count="811" type="stmt"/>
        <line num="167" count="53" type="stmt"/>
        <line num="168" count="53" type="stmt"/>
        <line num="169" count="59" type="stmt"/>
        <line num="170" count="59" type="stmt"/>
        <line num="171" count="59" type="stmt"/>
        <line num="173" count="59" type="cond" truecount="4" falsecount="0"/>
        <line num="174" count="16" type="cond" truecount="2" falsecount="0"/>
        <line num="176" count="43" type="cond" truecount="4" falsecount="0"/>
        <line num="177" count="3" type="stmt"/>
        <line num="178" count="3" type="cond" truecount="4" falsecount="0"/>
        <line num="180" count="40" type="cond" truecount="4" falsecount="0"/>
        <line num="181" count="1" type="stmt"/>
        <line num="182" count="1" type="cond" truecount="1" falsecount="1"/>
        <line num="185" count="39" type="stmt"/>
        <line num="187" count="39" type="cond" truecount="2" falsecount="0"/>
        <line num="189" count="9" type="stmt"/>
        <line num="191" count="9" type="cond" truecount="2" falsecount="0"/>
        <line num="192" count="6" type="stmt"/>
        <line num="193" count="6" type="cond" truecount="2" falsecount="0"/>
        <line num="196" count="30" type="stmt"/>
        <line num="197" count="30" type="cond" truecount="2" falsecount="0"/>
        <line num="201" count="24" type="stmt"/>
        <line num="206" count="0" type="stmt"/>
        <line num="207" count="0" type="stmt"/>
        <line num="211" count="2" type="stmt"/>
      </file>
      <file name="validatorRules.ts" path="E:\code\learn\crm-validator\src\validatorRules.ts">
        <metrics statements="38" coveredstatements="34" conditionals="41" coveredconditionals="36" methods="14" coveredmethods="13"/>
        <line num="1" count="8" type="cond" truecount="2" falsecount="0"/>
        <line num="2" count="7" type="cond" truecount="5" falsecount="1"/>
        <line num="3" count="7" type="cond" truecount="2" falsecount="0"/>
        <line num="4" count="3" type="cond" truecount="1" falsecount="1"/>
        <line num="5" count="5" type="cond" truecount="2" falsecount="0"/>
        <line num="6" count="3" type="cond" truecount="2" falsecount="0"/>
        <line num="7" count="3" type="cond" truecount="2" falsecount="0"/>
        <line num="8" count="3" type="stmt"/>
        <line num="9" count="2" type="stmt"/>
        <line num="10" count="2" type="stmt"/>
        <line num="11" count="2" type="stmt"/>
        <line num="13" count="2" type="cond" truecount="4" falsecount="0"/>
        <line num="14" count="1" type="stmt"/>
        <line num="15" count="1" type="stmt"/>
        <line num="16" count="1" type="cond" truecount="1" falsecount="1"/>
        <line num="17" count="0" type="stmt"/>
        <line num="18" count="0" type="stmt"/>
        <line num="21" count="1" type="cond" truecount="1" falsecount="1"/>
        <line num="22" count="1" type="stmt"/>
        <line num="25" count="1" type="stmt"/>
        <line num="27" count="1" type="stmt"/>
        <line num="28" count="1" type="stmt"/>
        <line num="29" count="1" type="stmt"/>
        <line num="30" count="1" type="stmt"/>
        <line num="31" count="1" type="stmt"/>
        <line num="33" count="17" type="stmt"/>
        <line num="34" count="17" type="stmt"/>
        <line num="35" count="17" type="stmt"/>
        <line num="37" count="1" type="cond" truecount="1" falsecount="1"/>
        <line num="38" count="0" type="stmt"/>
        <line num="39" count="0" type="stmt"/>
        <line num="42" count="1" type="cond" truecount="2" falsecount="0"/>
        <line num="45" count="3" type="cond" truecount="2" falsecount="0"/>
        <line num="46" count="4" type="cond" truecount="3" falsecount="0"/>
        <line num="47" count="7" type="cond" truecount="2" falsecount="0"/>
        <line num="48" count="3" type="stmt"/>
        <line num="49" count="3" type="cond" truecount="2" falsecount="0"/>
        <line num="50" count="5" type="cond" truecount="2" falsecount="0"/>
      </file>
    </package>
  </project>
</coverage>
