{"E:\\code\\learn\\crm-validator\\index.ts": {"path":"E:\\code\\learn\\crm-validator\\index.ts","statementMap":{"0":{"start":{"line":1,"column":0},"end":{"line":1,"column":55}},"1":{"start":{"line":2,"column":0},"end":{"line":2,"column":38}},"2":{"start":{"line":4,"column":0},"end":{"line":4,"column":null}},"3":{"start":{"line":7,"column":2},"end":{"line":7,"column":14}},"4":{"start":{"line":8,"column":4},"end":{"line":11,"column":null}},"5":{"start":{"line":10,"column":6},"end":{"line":10,"column":null}},"6":{"start":{"line":12,"column":4},"end":{"line":12,"column":29}},"7":{"start":{"line":15,"column":2},"end":{"line":18,"column":null}},"8":{"start":{"line":17,"column":4},"end":{"line":17,"column":19}},"9":{"start":{"line":19,"column":0},"end":{"line":19,"column":null}},"10":{"start":{"line":21,"column":13},"end":{"line":21,"column":55}}},"fnMap":{"0":{"name":"(anonymous_7)","decl":{"start":{"line":4,"column":0},"end":{"line":4,"column":null}},"loc":{"start":{"line":4,"column":0},"end":{"line":19,"column":null}}},"1":{"name":"Validator","decl":{"start":{"line":7,"column":2},"end":{"line":7,"column":14}},"loc":{"start":{"line":7,"column":33},"end":{"line":13,"column":3}}},"2":{"name":"(anonymous_9)","decl":{"start":{"line":8,"column":40},"end":{"line":8,"column":43}},"loc":{"start":{"line":8,"column":43},"end":{"line":11,"column":5}}},"3":{"name":"(anonymous_10)","decl":{"start":{"line":15,"column":2},"end":{"line":15,"column":10}},"loc":{"start":{"line":15,"column":31},"end":{"line":18,"column":3}}}},"branchMap":{},"s":{"0":1,"1":1,"2":1,"3":1,"4":1,"5":10,"6":1,"7":1,"8":0,"9":1,"10":1},"f":{"0":1,"1":1,"2":10,"3":0},"b":{}}
,"E:\\code\\learn\\crm-validator\\src\\validate.ts": {"path":"E:\\code\\learn\\crm-validator\\src\\validate.ts","statementMap":{"0":{"start":{"line":2,"column":0},"end":{"line":2,"column":51}},"1":{"start":{"line":3,"column":13},"end":{"line":3,"column":48}},"2":{"start":{"line":5,"column":39},"end":{"line":5,"column":53}},"3":{"start":{"line":8,"column":16},"end":{"line":10,"column":1}},"4":{"start":{"line":9,"column":2},"end":{"line":9,"column":39}},"5":{"start":{"line":13,"column":26},"end":{"line":19,"column":1}},"6":{"start":{"line":14,"column":2},"end":{"line":16,"column":null}},"7":{"start":{"line":15,"column":4},"end":{"line":15,"column":32}},"8":{"start":{"line":17,"column":2},"end":{"line":17,"column":20}},"9":{"start":{"line":18,"column":2},"end":{"line":18,"column":14}},"10":{"start":{"line":22,"column":19},"end":{"line":52,"column":1}},"11":{"start":{"line":22,"column":45},"end":{"line":22,"column":null}},"12":{"start":{"line":23,"column":2},"end":{"line":50,"column":null}},"13":{"start":{"line":23,"column":15},"end":{"line":23,"column":16}},"14":{"start":{"line":23,"column":24},"end":{"line":23,"column":36}},"15":{"start":{"line":24,"column":40},"end":{"line":24,"column":48}},"16":{"start":{"line":25,"column":4},"end":{"line":27,"column":null}},"17":{"start":{"line":26,"column":6},"end":{"line":26,"column":40}},"18":{"start":{"line":30,"column":4},"end":{"line":32,"column":null}},"19":{"start":{"line":31,"column":6},"end":{"line":31,"column":34}},"20":{"start":{"line":35,"column":4},"end":{"line":37,"column":null}},"21":{"start":{"line":36,"column":6},"end":{"line":36,"column":33}},"22":{"start":{"line":40,"column":4},"end":{"line":43,"column":null}},"23":{"start":{"line":41,"column":6},"end":{"line":42,"column":73}},"24":{"start":{"line":42,"column":8},"end":{"line":42,"column":73}},"25":{"start":{"line":46,"column":4},"end":{"line":49,"column":null}},"26":{"start":{"line":47,"column":6},"end":{"line":47,"column":104}},"27":{"start":{"line":47,"column":67},"end":{"line":47,"column":104}},"28":{"start":{"line":48,"column":6},"end":{"line":48,"column":36}},"29":{"start":{"line":51,"column":2},"end":{"line":51,"column":14}},"30":{"start":{"line":55,"column":20},"end":{"line":60,"column":1}},"31":{"start":{"line":55,"column":21},"end":{"line":55,"column":39}},"32":{"start":{"line":56,"column":2},"end":{"line":59,"column":null}},"33":{"start":{"line":68,"column":22},"end":{"line":80,"column":1}},"34":{"start":{"line":69,"column":2},"end":{"line":79,"column":null}},"35":{"start":{"line":70,"column":4},"end":{"line":70,"column":14}},"36":{"start":{"line":71,"column":9},"end":{"line":79,"column":null}},"37":{"start":{"line":72,"column":4},"end":{"line":72,"column":20}},"38":{"start":{"line":73,"column":9},"end":{"line":79,"column":null}},"39":{"start":{"line":74,"column":4},"end":{"line":74,"column":20}},"40":{"start":{"line":75,"column":9},"end":{"line":79,"column":null}},"41":{"start":{"line":76,"column":4},"end":{"line":76,"column":null}},"42":{"start":{"line":78,"column":4},"end":{"line":78,"column":null}},"43":{"start":{"line":82,"column":26},"end":{"line":89,"column":1}},"44":{"start":{"line":82,"column":42},"end":{"line":82,"column":null}},"45":{"start":{"line":83,"column":2},"end":{"line":88,"column":null}},"46":{"start":{"line":84,"column":4},"end":{"line":85,"column":50}},"47":{"start":{"line":84,"column":41},"end":{"line":84,"column":79}},"48":{"start":{"line":85,"column":9},"end":{"line":85,"column":50}},"49":{"start":{"line":87,"column":4},"end":{"line":87,"column":25}},"50":{"start":{"line":91,"column":23},"end":{"line":97,"column":1}},"51":{"start":{"line":92,"column":21},"end":{"line":92,"column":45}},"52":{"start":{"line":92,"column":12},"end":{"line":92,"column":14}},"53":{"start":{"line":92,"column":17},"end":{"line":92,"column":21}},"54":{"start":{"line":93,"column":2},"end":{"line":96,"column":null}},"55":{"start":{"line":93,"column":29},"end":{"line":93,"column":67}},"56":{"start":{"line":95,"column":4},"end":{"line":95,"column":44}},"57":{"start":{"line":99,"column":24},"end":{"line":109,"column":1}},"58":{"start":{"line":100,"column":2},"end":{"line":108,"column":null}},"59":{"start":{"line":101,"column":14},"end":{"line":101,"column":52}},"60":{"start":{"line":102,"column":15},"end":{"line":102,"column":54}},"61":{"start":{"line":103,"column":15},"end":{"line":103,"column":38}},"62":{"start":{"line":104,"column":16},"end":{"line":104,"column":40}},"63":{"start":{"line":105,"column":14},"end":{"line":105,"column":52}},"64":{"start":{"line":106,"column":15},"end":{"line":106,"column":54}},"65":{"start":{"line":107,"column":13},"end":{"line":107,"column":25}},"66":{"start":{"line":111,"column":23},"end":{"line":123,"column":1}},"67":{"start":{"line":112,"column":2},"end":{"line":122,"column":null}},"68":{"start":{"line":112,"column":15},"end":{"line":112,"column":16}},"69":{"start":{"line":112,"column":24},"end":{"line":112,"column":36}},"70":{"start":{"line":113,"column":17},"end":{"line":113,"column":25}},"71":{"start":{"line":114,"column":15},"end":{"line":114,"column":19}},"72":{"start":{"line":115,"column":4},"end":{"line":121,"column":null}},"73":{"start":{"line":116,"column":6},"end":{"line":116,"column":37}},"74":{"start":{"line":117,"column":6},"end":{"line":117,"column":30}},"75":{"start":{"line":117,"column":17},"end":{"line":117,"column":30}},"76":{"start":{"line":118,"column":6},"end":{"line":118,"column":35}},"77":{"start":{"line":118,"column":23},"end":{"line":118,"column":35}},"78":{"start":{"line":120,"column":6},"end":{"line":120,"column":27}},"79":{"start":{"line":125,"column":19},"end":{"line":133,"column":1}},"80":{"start":{"line":126,"column":13},"end":{"line":126,"column":33}},"81":{"start":{"line":127,"column":2},"end":{"line":132,"column":null}},"82":{"start":{"line":128,"column":19},"end":{"line":128,"column":58}},"83":{"start":{"line":129,"column":19},"end":{"line":129,"column":55}},"84":{"start":{"line":130,"column":18},"end":{"line":130,"column":54}},"85":{"start":{"line":131,"column":13},"end":{"line":131,"column":45}},"86":{"start":{"line":136,"column":23},"end":{"line":144,"column":1}},"87":{"start":{"line":137,"column":2},"end":{"line":142,"column":null}},"88":{"start":{"line":137,"column":15},"end":{"line":137,"column":16}},"89":{"start":{"line":137,"column":24},"end":{"line":137,"column":35}},"90":{"start":{"line":138,"column":25},"end":{"line":138,"column":48}},"91":{"start":{"line":139,"column":17},"end":{"line":139,"column":30}},"92":{"start":{"line":140,"column":15},"end":{"line":140,"column":45}},"93":{"start":{"line":141,"column":4},"end":{"line":141,"column":28}},"94":{"start":{"line":141,"column":15},"end":{"line":141,"column":28}},"95":{"start":{"line":143,"column":2},"end":{"line":143,"column":14}},"96":{"start":{"line":146,"column":17},"end":{"line":190,"column":1}},"97":{"start":{"line":147,"column":2},"end":{"line":147,"column":53}},"98":{"start":{"line":147,"column":46},"end":{"line":147,"column":53}},"99":{"start":{"line":148,"column":2},"end":{"line":189,"column":null}},"100":{"start":{"line":149,"column":4},"end":{"line":181,"column":null}},"101":{"start":{"line":149,"column":17},"end":{"line":149,"column":18}},"102":{"start":{"line":149,"column":26},"end":{"line":149,"column":41}},"103":{"start":{"line":150,"column":48},"end":{"line":150,"column":59}},"104":{"start":{"line":150,"column":19},"end":{"line":150,"column":21}},"105":{"start":{"line":150,"column":25},"end":{"line":150,"column":27}},"106":{"start":{"line":150,"column":32},"end":{"line":150,"column":34}},"107":{"start":{"line":150,"column":38},"end":{"line":150,"column":40}},"108":{"start":{"line":150,"column":43},"end":{"line":150,"column":48}},"109":{"start":{"line":151,"column":27},"end":{"line":151,"column":42}},"110":{"start":{"line":152,"column":17},"end":{"line":152,"column":21}},"111":{"start":{"line":154,"column":6},"end":{"line":180,"column":null}},"112":{"start":{"line":155,"column":8},"end":{"line":155,"column":38}},"113":{"start":{"line":157,"column":13},"end":{"line":180,"column":null}},"114":{"start":{"line":158,"column":18},"end":{"line":158,"column":48}},"115":{"start":{"line":159,"column":8},"end":{"line":159,"column":45}},"116":{"start":{"line":159,"column":15},"end":{"line":159,"column":45}},"117":{"start":{"line":161,"column":13},"end":{"line":180,"column":null}},"118":{"start":{"line":162,"column":8},"end":{"line":162,"column":40}},"119":{"start":{"line":163,"column":8},"end":{"line":163,"column":49}},"120":{"start":{"line":163,"column":19},"end":{"line":163,"column":49}},"121":{"start":{"line":166,"column":27},"end":{"line":166,"column":31}},"122":{"start":{"line":168,"column":8},"end":{"line":179,"column":null}},"123":{"start":{"line":170,"column":10},"end":{"line":170,"column":56}},"124":{"start":{"line":172,"column":10},"end":{"line":175,"column":null}},"125":{"start":{"line":173,"column":12},"end":{"line":173,"column":51}},"126":{"start":{"line":174,"column":12},"end":{"line":174,"column":53}},"127":{"start":{"line":174,"column":23},"end":{"line":174,"column":53}},"128":{"start":{"line":177,"column":10},"end":{"line":177,"column":49}},"129":{"start":{"line":178,"column":10},"end":{"line":178,"column":51}},"130":{"start":{"line":178,"column":21},"end":{"line":178,"column":51}},"131":{"start":{"line":182,"column":4},"end":{"line":185,"column":null}},"132":{"start":{"line":187,"column":4},"end":{"line":187,"column":25}},"133":{"start":{"line":188,"column":4},"end":{"line":188,"column":33}},"134":{"start":{"line":192,"column":0},"end":{"line":192,"column":24}}},"fnMap":{"0":{"name":"(anonymous_6)","decl":{"start":{"line":8,"column":16},"end":{"line":8,"column":17}},"loc":{"start":{"line":8,"column":27},"end":{"line":10,"column":1}}},"1":{"name":"(anonymous_7)","decl":{"start":{"line":13,"column":26},"end":{"line":13,"column":27}},"loc":{"start":{"line":13,"column":71},"end":{"line":19,"column":1}}},"2":{"name":"(anonymous_8)","decl":{"start":{"line":22,"column":19},"end":{"line":22,"column":20}},"loc":{"start":{"line":22,"column":71},"end":{"line":52,"column":1}}},"3":{"name":"(anonymous_9)","decl":{"start":{"line":55,"column":20},"end":{"line":55,"column":21}},"loc":{"start":{"line":55,"column":52},"end":{"line":60,"column":1}}},"4":{"name":"(anonymous_10)","decl":{"start":{"line":68,"column":22},"end":{"line":68,"column":23}},"loc":{"start":{"line":68,"column":41},"end":{"line":80,"column":1}}},"5":{"name":"(anonymous_11)","decl":{"start":{"line":82,"column":26},"end":{"line":82,"column":27}},"loc":{"start":{"line":82,"column":70},"end":{"line":89,"column":1}}},"6":{"name":"(anonymous_12)","decl":{"start":{"line":91,"column":23},"end":{"line":91,"column":24}},"loc":{"start":{"line":91,"column":46},"end":{"line":97,"column":1}}},"7":{"name":"(anonymous_13)","decl":{"start":{"line":99,"column":24},"end":{"line":99,"column":25}},"loc":{"start":{"line":99,"column":61},"end":{"line":109,"column":1}}},"8":{"name":"(anonymous_14)","decl":{"start":{"line":111,"column":23},"end":{"line":111,"column":24}},"loc":{"start":{"line":111,"column":46},"end":{"line":123,"column":1}}},"9":{"name":"(anonymous_15)","decl":{"start":{"line":125,"column":19},"end":{"line":125,"column":20}},"loc":{"start":{"line":125,"column":62},"end":{"line":133,"column":1}}},"10":{"name":"(anonymous_16)","decl":{"start":{"line":136,"column":23},"end":{"line":136,"column":24}},"loc":{"start":{"line":136,"column":69},"end":{"line":144,"column":1}}},"11":{"name":"(anonymous_17)","decl":{"start":{"line":146,"column":17},"end":{"line":146,"column":18}},"loc":{"start":{"line":146,"column":65},"end":{"line":190,"column":1}}}},"branchMap":{"0":{"loc":{"start":{"line":9,"column":9},"end":{"line":9,"column":22}},"type":"binary-expr","locations":[{"start":{"line":9,"column":9},"end":{"line":9,"column":22}},{"start":{"line":9,"column":26},"end":{"line":9,"column":38}}]},"1":{"loc":{"start":{"line":14,"column":2},"end":{"line":16,"column":null}},"type":"if","locations":[{"start":{"line":14,"column":2},"end":{"line":16,"column":null}},{"start":{"line":14,"column":2},"end":{"line":16,"column":null}}]},"2":{"loc":{"start":{"line":14,"column":6},"end":{"line":14,"column":15}},"type":"binary-expr","locations":[{"start":{"line":14,"column":6},"end":{"line":14,"column":15}},{"start":{"line":14,"column":19},"end":{"line":14,"column":46}},{"start":{"line":14,"column":50},"end":{"line":14,"column":82}}]},"3":{"loc":{"start":{"line":22,"column":45},"end":{"line":22,"column":null}},"type":"if","locations":[{"start":{"line":22,"column":45},"end":{"line":22,"column":null}},{"start":{"line":22,"column":45},"end":{"line":22,"column":null}}]},"4":{"loc":{"start":{"line":25,"column":4},"end":{"line":27,"column":null}},"type":"if","locations":[{"start":{"line":25,"column":4},"end":{"line":27,"column":null}},{"start":{"line":25,"column":4},"end":{"line":27,"column":null}}]},"5":{"loc":{"start":{"line":25,"column":8},"end":{"line":25,"column":17}},"type":"binary-expr","locations":[{"start":{"line":25,"column":8},"end":{"line":25,"column":17}},{"start":{"line":25,"column":21},"end":{"line":25,"column":78}}]},"6":{"loc":{"start":{"line":30,"column":4},"end":{"line":32,"column":null}},"type":"if","locations":[{"start":{"line":30,"column":4},"end":{"line":32,"column":null}},{"start":{"line":30,"column":4},"end":{"line":32,"column":null}}]},"7":{"loc":{"start":{"line":30,"column":8},"end":{"line":30,"column":25}},"type":"binary-expr","locations":[{"start":{"line":30,"column":8},"end":{"line":30,"column":25}},{"start":{"line":30,"column":29},"end":{"line":30,"column":47}}]},"8":{"loc":{"start":{"line":35,"column":4},"end":{"line":37,"column":null}},"type":"if","locations":[{"start":{"line":35,"column":4},"end":{"line":37,"column":null}},{"start":{"line":35,"column":4},"end":{"line":37,"column":null}}]},"9":{"loc":{"start":{"line":35,"column":8},"end":{"line":35,"column":18}},"type":"binary-expr","locations":[{"start":{"line":35,"column":8},"end":{"line":35,"column":18}},{"start":{"line":35,"column":23},"end":{"line":35,"column":39}},{"start":{"line":35,"column":43},"end":{"line":35,"column":60}}]},"10":{"loc":{"start":{"line":40,"column":4},"end":{"line":43,"column":null}},"type":"if","locations":[{"start":{"line":40,"column":4},"end":{"line":43,"column":null}},{"start":{"line":40,"column":4},"end":{"line":43,"column":null}}]},"11":{"loc":{"start":{"line":41,"column":6},"end":{"line":42,"column":73}},"type":"if","locations":[{"start":{"line":41,"column":6},"end":{"line":42,"column":73}},{"start":{"line":41,"column":6},"end":{"line":42,"column":73}}]},"12":{"loc":{"start":{"line":41,"column":10},"end":{"line":41,"column":38}},"type":"binary-expr","locations":[{"start":{"line":41,"column":10},"end":{"line":41,"column":38}},{"start":{"line":41,"column":42},"end":{"line":41,"column":75}},{"start":{"line":41,"column":79},"end":{"line":41,"column":145}}]},"13":{"loc":{"start":{"line":42,"column":39},"end":{"line":42,"column":45}},"type":"cond-expr","locations":[{"start":{"line":42,"column":39},"end":{"line":42,"column":45}},{"start":{"line":42,"column":48},"end":{"line":42,"column":55}}]},"14":{"loc":{"start":{"line":46,"column":4},"end":{"line":49,"column":null}},"type":"if","locations":[{"start":{"line":46,"column":4},"end":{"line":49,"column":null}},{"start":{"line":46,"column":4},"end":{"line":49,"column":null}}]},"15":{"loc":{"start":{"line":46,"column":8},"end":{"line":46,"column":18}},"type":"binary-expr","locations":[{"start":{"line":46,"column":8},"end":{"line":46,"column":18}},{"start":{"line":46,"column":23},"end":{"line":46,"column":36}}]},"16":{"loc":{"start":{"line":47,"column":6},"end":{"line":47,"column":104}},"type":"if","locations":[{"start":{"line":47,"column":6},"end":{"line":47,"column":104}},{"start":{"line":47,"column":6},"end":{"line":47,"column":104}}]},"17":{"loc":{"start":{"line":47,"column":10},"end":{"line":47,"column":37}},"type":"binary-expr","locations":[{"start":{"line":47,"column":10},"end":{"line":47,"column":37}},{"start":{"line":47,"column":41},"end":{"line":47,"column":65}}]},"18":{"loc":{"start":{"line":55,"column":21},"end":{"line":55,"column":39}},"type":"if","locations":[{"start":{"line":55,"column":21},"end":{"line":55,"column":39}},{"start":{"line":55,"column":21},"end":{"line":55,"column":39}}]},"19":{"loc":{"start":{"line":58,"column":15},"end":{"line":58,"column":18}},"type":"cond-expr","locations":[{"start":{"line":58,"column":15},"end":{"line":58,"column":18}},{"start":{"line":58,"column":21},"end":{"line":58,"column":36}}]},"20":{"loc":{"start":{"line":69,"column":2},"end":{"line":79,"column":null}},"type":"if","locations":[{"start":{"line":69,"column":2},"end":{"line":79,"column":null}},{"start":{"line":69,"column":2},"end":{"line":79,"column":null}}]},"21":{"loc":{"start":{"line":71,"column":9},"end":{"line":79,"column":null}},"type":"if","locations":[{"start":{"line":71,"column":9},"end":{"line":79,"column":null}},{"start":{"line":71,"column":9},"end":{"line":79,"column":null}}]},"22":{"loc":{"start":{"line":73,"column":9},"end":{"line":79,"column":null}},"type":"if","locations":[{"start":{"line":73,"column":9},"end":{"line":79,"column":null}},{"start":{"line":73,"column":9},"end":{"line":79,"column":null}}]},"23":{"loc":{"start":{"line":75,"column":9},"end":{"line":79,"column":null}},"type":"if","locations":[{"start":{"line":75,"column":9},"end":{"line":79,"column":null}},{"start":{"line":75,"column":9},"end":{"line":79,"column":null}}]},"24":{"loc":{"start":{"line":82,"column":42},"end":{"line":82,"column":null}},"type":"if","locations":[{"start":{"line":82,"column":42},"end":{"line":82,"column":null}},{"start":{"line":82,"column":42},"end":{"line":82,"column":null}}]},"25":{"loc":{"start":{"line":84,"column":4},"end":{"line":85,"column":50}},"type":"if","locations":[{"start":{"line":84,"column":4},"end":{"line":85,"column":50}},{"start":{"line":84,"column":4},"end":{"line":85,"column":50}}]},"26":{"loc":{"start":{"line":93,"column":2},"end":{"line":96,"column":null}},"type":"if","locations":[{"start":{"line":93,"column":2},"end":{"line":96,"column":null}},{"start":{"line":93,"column":2},"end":{"line":96,"column":null}}]},"27":{"loc":{"start":{"line":101,"column":4},"end":{"line":101,"column":52}},"type":"switch","locations":[{"start":{"line":101,"column":4},"end":{"line":101,"column":52}},{"start":{"line":102,"column":4},"end":{"line":102,"column":54}},{"start":{"line":103,"column":4},"end":{"line":103,"column":38}},{"start":{"line":104,"column":4},"end":{"line":104,"column":40}},{"start":{"line":105,"column":4},"end":{"line":105,"column":52}},{"start":{"line":106,"column":4},"end":{"line":106,"column":54}},{"start":{"line":107,"column":4},"end":{"line":107,"column":25}}]},"28":{"loc":{"start":{"line":117,"column":6},"end":{"line":117,"column":30}},"type":"if","locations":[{"start":{"line":117,"column":6},"end":{"line":117,"column":30}},{"start":{"line":117,"column":6},"end":{"line":117,"column":30}}]},"29":{"loc":{"start":{"line":118,"column":6},"end":{"line":118,"column":35}},"type":"if","locations":[{"start":{"line":118,"column":6},"end":{"line":118,"column":35}},{"start":{"line":118,"column":6},"end":{"line":118,"column":35}}]},"30":{"loc":{"start":{"line":128,"column":4},"end":{"line":128,"column":58}},"type":"switch","locations":[{"start":{"line":128,"column":4},"end":{"line":128,"column":58}},{"start":{"line":129,"column":4},"end":{"line":129,"column":55}},{"start":{"line":130,"column":4},"end":{"line":130,"column":54}},{"start":{"line":131,"column":4},"end":{"line":131,"column":45}}]},"31":{"loc":{"start":{"line":141,"column":4},"end":{"line":141,"column":28}},"type":"if","locations":[{"start":{"line":141,"column":4},"end":{"line":141,"column":28}},{"start":{"line":141,"column":4},"end":{"line":141,"column":28}}]},"32":{"loc":{"start":{"line":147,"column":2},"end":{"line":147,"column":53}},"type":"if","locations":[{"start":{"line":147,"column":2},"end":{"line":147,"column":53}},{"start":{"line":147,"column":2},"end":{"line":147,"column":53}}]},"33":{"loc":{"start":{"line":154,"column":6},"end":{"line":180,"column":null}},"type":"if","locations":[{"start":{"line":154,"column":6},"end":{"line":180,"column":null}},{"start":{"line":154,"column":6},"end":{"line":180,"column":null}}]},"34":{"loc":{"start":{"line":154,"column":10},"end":{"line":154,"column":31}},"type":"binary-expr","locations":[{"start":{"line":154,"column":10},"end":{"line":154,"column":31}},{"start":{"line":154,"column":35},"end":{"line":154,"column":40}}]},"35":{"loc":{"start":{"line":157,"column":13},"end":{"line":180,"column":null}},"type":"if","locations":[{"start":{"line":157,"column":13},"end":{"line":180,"column":null}},{"start":{"line":157,"column":13},"end":{"line":180,"column":null}}]},"36":{"loc":{"start":{"line":157,"column":17},"end":{"line":157,"column":38}},"type":"binary-expr","locations":[{"start":{"line":157,"column":17},"end":{"line":157,"column":38}},{"start":{"line":157,"column":42},"end":{"line":157,"column":46}}]},"37":{"loc":{"start":{"line":159,"column":8},"end":{"line":159,"column":45}},"type":"if","locations":[{"start":{"line":159,"column":8},"end":{"line":159,"column":45}},{"start":{"line":159,"column":8},"end":{"line":159,"column":45}}]},"38":{"loc":{"start":{"line":161,"column":13},"end":{"line":180,"column":null}},"type":"if","locations":[{"start":{"line":161,"column":13},"end":{"line":180,"column":null}},{"start":{"line":161,"column":13},"end":{"line":180,"column":null}}]},"39":{"loc":{"start":{"line":161,"column":17},"end":{"line":161,"column":39}},"type":"binary-expr","locations":[{"start":{"line":161,"column":17},"end":{"line":161,"column":39}},{"start":{"line":161,"column":43},"end":{"line":161,"column":49}}]},"40":{"loc":{"start":{"line":163,"column":8},"end":{"line":163,"column":49}},"type":"if","locations":[{"start":{"line":163,"column":8},"end":{"line":163,"column":49}},{"start":{"line":163,"column":8},"end":{"line":163,"column":49}}]},"41":{"loc":{"start":{"line":168,"column":8},"end":{"line":179,"column":null}},"type":"if","locations":[{"start":{"line":168,"column":8},"end":{"line":179,"column":null}},{"start":{"line":168,"column":8},"end":{"line":179,"column":null}}]},"42":{"loc":{"start":{"line":172,"column":10},"end":{"line":175,"column":null}},"type":"if","locations":[{"start":{"line":172,"column":10},"end":{"line":175,"column":null}},{"start":{"line":172,"column":10},"end":{"line":175,"column":null}}]},"43":{"loc":{"start":{"line":174,"column":12},"end":{"line":174,"column":53}},"type":"if","locations":[{"start":{"line":174,"column":12},"end":{"line":174,"column":53}},{"start":{"line":174,"column":12},"end":{"line":174,"column":53}}]},"44":{"loc":{"start":{"line":178,"column":10},"end":{"line":178,"column":51}},"type":"if","locations":[{"start":{"line":178,"column":10},"end":{"line":178,"column":51}},{"start":{"line":178,"column":10},"end":{"line":178,"column":51}}]}},"s":{"0":2,"1":2,"2":2,"3":2,"4":156,"5":2,"6":31,"7":0,"8":31,"9":31,"10":2,"11":62,"12":31,"13":31,"14":31,"15":31,"16":31,"17":0,"18":31,"19":0,"20":31,"21":0,"22":31,"23":29,"24":0,"25":31,"26":0,"27":0,"28":0,"29":31,"30":2,"31":38,"32":19,"33":2,"34":21,"35":1,"36":20,"37":20,"38":0,"39":0,"40":0,"41":0,"42":0,"43":2,"44":22,"45":21,"46":21,"47":0,"48":21,"49":0,"50":2,"51":0,"52":0,"53":0,"54":0,"55":0,"56":0,"57":2,"58":0,"59":0,"60":0,"61":0,"62":0,"63":0,"64":0,"65":0,"66":2,"67":0,"68":0,"69":0,"70":0,"71":0,"72":0,"73":0,"74":0,"75":0,"76":0,"77":0,"78":0,"79":2,"80":21,"81":21,"82":20,"83":0,"84":0,"85":1,"86":2,"87":0,"88":0,"89":0,"90":0,"91":0,"92":0,"93":0,"94":0,"95":0,"96":2,"97":31,"98":0,"99":31,"100":31,"101":31,"102":31,"103":31,"104":31,"105":31,"106":31,"107":31,"108":31,"109":31,"110":31,"111":31,"112":10,"113":21,"114":0,"115":0,"116":0,"117":21,"118":1,"119":1,"120":0,"121":20,"122":20,"123":0,"124":0,"125":0,"126":0,"127":0,"128":20,"129":20,"130":9,"131":12,"132":0,"133":0,"134":2},"f":{"0":156,"1":31,"2":31,"3":19,"4":21,"5":21,"6":0,"7":0,"8":0,"9":21,"10":0,"11":31},"b":{"0":[156,155],"1":[0,31],"2":[31,31,31],"3":[31,0],"4":[0,31],"5":[31,0],"6":[0,31],"7":[31,31],"8":[0,31],"9":[31,31,31],"10":[29,2],"11":[0,29],"12":[29,29,0],"13":[0,0],"14":[0,31],"15":[31,31],"16":[0,0],"17":[0,0],"18":[19,0],"19":[0,19],"20":[1,20],"21":[20,0],"22":[0,0],"23":[0,0],"24":[1,20],"25":[0,21],"26":[0,0],"27":[0,0,0,0,0,0,0],"28":[0,0],"29":[0,0],"30":[20,0,0,1],"31":[0,0],"32":[0,31],"33":[10,21],"34":[31,10],"35":[0,21],"36":[21,0],"37":[0,0],"38":[1,20],"39":[21,21],"40":[0,1],"41":[0,20],"42":[0,0],"43":[0,0],"44":[9,11]}}
,"E:\\code\\learn\\crm-validator\\src\\validatorRules.ts": {"path":"E:\\code\\learn\\crm-validator\\src\\validatorRules.ts","statementMap":{"0":{"start":{"line":1,"column":13},"end":{"line":1,"column":63}},"1":{"start":{"line":1,"column":40},"end":{"line":1,"column":63}},"2":{"start":{"line":2,"column":13},"end":{"line":2,"column":71}},"3":{"start":{"line":2,"column":36},"end":{"line":2,"column":71}},"4":{"start":{"line":3,"column":13},"end":{"line":3,"column":70}},"5":{"start":{"line":3,"column":37},"end":{"line":3,"column":70}},"6":{"start":{"line":4,"column":13},"end":{"line":4,"column":59}},"7":{"start":{"line":4,"column":36},"end":{"line":4,"column":59}},"8":{"start":{"line":5,"column":13},"end":{"line":5,"column":67}},"9":{"start":{"line":5,"column":40},"end":{"line":5,"column":67}},"10":{"start":{"line":6,"column":13},"end":{"line":42,"column":2}},"11":{"start":{"line":7,"column":39},"end":{"line":7,"column":326}},"12":{"start":{"line":8,"column":22},"end":{"line":8,"column":26}},"13":{"start":{"line":9,"column":20},"end":{"line":9,"column":26}},"14":{"start":{"line":11,"column":2},"end":{"line":41,"column":null}},"15":{"start":{"line":12,"column":4},"end":{"line":12,"column":15}},"16":{"start":{"line":13,"column":4},"end":{"line":13,"column":21}},"17":{"start":{"line":14,"column":8},"end":{"line":41,"column":null}},"18":{"start":{"line":15,"column":4},"end":{"line":15,"column":15}},"19":{"start":{"line":16,"column":4},"end":{"line":16,"column":23}},"20":{"start":{"line":19,"column":4},"end":{"line":39,"column":null}},"21":{"start":{"line":20,"column":6},"end":{"line":20,"column":28}},"22":{"start":{"line":23,"column":19},"end":{"line":23,"column":74}},"23":{"start":{"line":25,"column":19},"end":{"line":25,"column":56}},"24":{"start":{"line":26,"column":16},"end":{"line":26,"column":17}},"25":{"start":{"line":27,"column":15},"end":{"line":27,"column":16}},"26":{"start":{"line":28,"column":15},"end":{"line":28,"column":16}},"27":{"start":{"line":29,"column":6},"end":{"line":34,"column":null}},"28":{"start":{"line":29,"column":19},"end":{"line":29,"column":20}},"29":{"start":{"line":31,"column":8},"end":{"line":31,"column":29}},"30":{"start":{"line":32,"column":8},"end":{"line":32,"column":23}},"31":{"start":{"line":33,"column":8},"end":{"line":33,"column":23}},"32":{"start":{"line":35,"column":6},"end":{"line":38,"column":null}},"33":{"start":{"line":36,"column":8},"end":{"line":36,"column":19}},"34":{"start":{"line":37,"column":8},"end":{"line":37,"column":26}},"35":{"start":{"line":40,"column":4},"end":{"line":40,"column":17}},"36":{"start":{"line":43,"column":13},"end":{"line":43,"column":80}},"37":{"start":{"line":43,"column":35},"end":{"line":43,"column":80}},"38":{"start":{"line":44,"column":13},"end":{"line":44,"column":119}},"39":{"start":{"line":44,"column":34},"end":{"line":44,"column":119}},"40":{"start":{"line":45,"column":13},"end":{"line":45,"column":83}},"41":{"start":{"line":45,"column":37},"end":{"line":45,"column":83}},"42":{"start":{"line":46,"column":13},"end":{"line":46,"column":99}},"43":{"start":{"line":46,"column":37},"end":{"line":46,"column":99}}},"fnMap":{"0":{"name":"(anonymous_0)","decl":{"start":{"line":1,"column":26},"end":{"line":1,"column":27}},"loc":{"start":{"line":1,"column":35},"end":{"line":1,"column":46}}},"1":{"name":"(anonymous_1)","decl":{"start":{"line":2,"column":22},"end":{"line":2,"column":23}},"loc":{"start":{"line":2,"column":31},"end":{"line":2,"column":60}}},"2":{"name":"(anonymous_2)","decl":{"start":{"line":3,"column":23},"end":{"line":3,"column":24}},"loc":{"start":{"line":3,"column":32},"end":{"line":3,"column":59}}},"3":{"name":"(anonymous_3)","decl":{"start":{"line":4,"column":22},"end":{"line":4,"column":23}},"loc":{"start":{"line":4,"column":31},"end":{"line":4,"column":48}}},"4":{"name":"(anonymous_4)","decl":{"start":{"line":5,"column":26},"end":{"line":5,"column":27}},"loc":{"start":{"line":5,"column":35},"end":{"line":5,"column":56}}},"5":{"name":"(anonymous_5)","decl":{"start":{"line":6,"column":24},"end":{"line":6,"column":25}},"loc":{"start":{"line":6,"column":34},"end":{"line":42,"column":1}}},"6":{"name":"(anonymous_6)","decl":{"start":{"line":43,"column":21},"end":{"line":43,"column":22}},"loc":{"start":{"line":43,"column":30},"end":{"line":43,"column":69}}},"7":{"name":"(anonymous_7)","decl":{"start":{"line":44,"column":20},"end":{"line":44,"column":21}},"loc":{"start":{"line":44,"column":29},"end":{"line":44,"column":35}}},"8":{"name":"(anonymous_8)","decl":{"start":{"line":45,"column":23},"end":{"line":45,"column":24}},"loc":{"start":{"line":45,"column":32},"end":{"line":45,"column":72}}},"9":{"name":"(anonymous_9)","decl":{"start":{"line":46,"column":23},"end":{"line":46,"column":24}},"loc":{"start":{"line":46,"column":32},"end":{"line":46,"column":88}}}},"branchMap":{"0":{"loc":{"start":{"line":11,"column":2},"end":{"line":41,"column":null}},"type":"if","locations":[{"start":{"line":11,"column":2},"end":{"line":41,"column":null}},{"start":{"line":11,"column":2},"end":{"line":41,"column":null}}]},"1":{"loc":{"start":{"line":11,"column":5},"end":{"line":11,"column":10}},"type":"binary-expr","locations":[{"start":{"line":11,"column":5},"end":{"line":11,"column":10}},{"start":{"line":11,"column":14},"end":{"line":11,"column":101}}]},"2":{"loc":{"start":{"line":14,"column":8},"end":{"line":41,"column":null}},"type":"if","locations":[{"start":{"line":14,"column":8},"end":{"line":41,"column":null}},{"start":{"line":14,"column":8},"end":{"line":41,"column":null}}]},"3":{"loc":{"start":{"line":19,"column":4},"end":{"line":39,"column":null}},"type":"if","locations":[{"start":{"line":19,"column":4},"end":{"line":39,"column":null}},{"start":{"line":19,"column":4},"end":{"line":39,"column":null}}]},"4":{"loc":{"start":{"line":35,"column":6},"end":{"line":38,"column":null}},"type":"if","locations":[{"start":{"line":35,"column":6},"end":{"line":38,"column":null}},{"start":{"line":35,"column":6},"end":{"line":38,"column":null}}]},"5":{"loc":{"start":{"line":44,"column":36},"end":{"line":44,"column":68}},"type":"binary-expr","locations":[{"start":{"line":44,"column":36},"end":{"line":44,"column":68}},{"start":{"line":44,"column":72},"end":{"line":44,"column":116}}]}},"s":{"0":2,"1":1,"2":2,"3":2,"4":2,"5":2,"6":2,"7":2,"8":2,"9":2,"10":2,"11":2,"12":2,"13":2,"14":2,"15":1,"16":1,"17":1,"18":0,"19":0,"20":1,"21":1,"22":1,"23":1,"24":1,"25":1,"26":1,"27":1,"28":1,"29":17,"30":17,"31":17,"32":1,"33":0,"34":0,"35":1,"36":2,"37":2,"38":2,"39":3,"40":2,"41":3,"42":2,"43":2},"f":{"0":1,"1":2,"2":2,"3":2,"4":2,"5":2,"6":2,"7":3,"8":3,"9":2},"b":{"0":[1,1],"1":[2,2],"2":[0,1],"3":[1,0],"4":[0,1],"5":[3,2]}}
}
