{"F:\\code\\open-source\\ar-easy-validator\\src\\rule.js": {"path":"F:\\code\\open-source\\ar-easy-validator\\src\\rule.js","statementMap":{"0":{"start":{"line":1,"column":14},"end":{"line":16,"column":1}},"1":{"start":{"line":18,"column":16},"end":{"line":29,"column":1}},"2":{"start":{"line":20,"column":2},"end":{"line":28,"column":3}},"3":{"start":{"line":21,"column":4},"end":{"line":21,"column":16}},"4":{"start":{"line":22,"column":8},"end":{"line":28,"column":3}},"5":{"start":{"line":23,"column":4},"end":{"line":23,"column":17}},"6":{"start":{"line":24,"column":8},"end":{"line":28,"column":3}},"7":{"start":{"line":25,"column":4},"end":{"line":25,"column":16}},"8":{"start":{"line":27,"column":4},"end":{"line":27,"column":17}},"9":{"start":{"line":30,"column":19},"end":{"line":30,"column":41}},"10":{"start":{"line":30,"column":28},"end":{"line":30,"column":41}},"11":{"start":{"line":31,"column":16},"end":{"line":31,"column":49}},"12":{"start":{"line":31,"column":25},"end":{"line":31,"column":49}},"13":{"start":{"line":32,"column":16},"end":{"line":32,"column":49}},"14":{"start":{"line":32,"column":25},"end":{"line":32,"column":49}},"15":{"start":{"line":33,"column":15},"end":{"line":33,"column":47}},"16":{"start":{"line":33,"column":24},"end":{"line":33,"column":47}},"17":{"start":{"line":34,"column":17},"end":{"line":34,"column":51}},"18":{"start":{"line":34,"column":26},"end":{"line":34,"column":51}},"19":{"start":{"line":35,"column":15},"end":{"line":35,"column":47}},"20":{"start":{"line":35,"column":24},"end":{"line":35,"column":47}},"21":{"start":{"line":36,"column":20},"end":{"line":36,"column":57}},"22":{"start":{"line":36,"column":29},"end":{"line":36,"column":57}},"23":{"start":{"line":37,"column":14},"end":{"line":37,"column":45}},"24":{"start":{"line":37,"column":23},"end":{"line":37,"column":45}},"25":{"start":{"line":38,"column":16},"end":{"line":38,"column":49}},"26":{"start":{"line":38,"column":25},"end":{"line":38,"column":49}},"27":{"start":{"line":39,"column":23},"end":{"line":39,"column":63}},"28":{"start":{"line":39,"column":32},"end":{"line":39,"column":63}},"29":{"start":{"line":40,"column":18},"end":{"line":40,"column":53}},"30":{"start":{"line":40,"column":27},"end":{"line":40,"column":53}},"31":{"start":{"line":41,"column":18},"end":{"line":41,"column":72}},"32":{"start":{"line":41,"column":27},"end":{"line":41,"column":72}},"33":{"start":{"line":42,"column":14},"end":{"line":42,"column":45}},"34":{"start":{"line":42,"column":23},"end":{"line":42,"column":45}},"35":{"start":{"line":43,"column":14},"end":{"line":43,"column":45}},"36":{"start":{"line":43,"column":23},"end":{"line":43,"column":45}},"37":{"start":{"line":44,"column":13},"end":{"line":44,"column":43}},"38":{"start":{"line":44,"column":22},"end":{"line":44,"column":43}},"39":{"start":{"line":45,"column":17},"end":{"line":77,"column":1}},"40":{"start":{"line":46,"column":12},"end":{"line":46,"column":299}},"41":{"start":{"line":47,"column":13},"end":{"line":47,"column":17}},"42":{"start":{"line":49,"column":2},"end":{"line":76,"column":3}},"43":{"start":{"line":50,"column":4},"end":{"line":50,"column":17}},"44":{"start":{"line":51,"column":8},"end":{"line":76,"column":3}},"45":{"start":{"line":52,"column":4},"end":{"line":52,"column":17}},"46":{"start":{"line":55,"column":4},"end":{"line":74,"column":5}},"47":{"start":{"line":56,"column":6},"end":{"line":56,"column":28}},"48":{"start":{"line":59,"column":19},"end":{"line":59,"column":74}},"49":{"start":{"line":61,"column":19},"end":{"line":61,"column":56}},"50":{"start":{"line":62,"column":16},"end":{"line":62,"column":17}},"51":{"start":{"line":63,"column":15},"end":{"line":63,"column":16}},"52":{"start":{"line":64,"column":15},"end":{"line":64,"column":16}},"53":{"start":{"line":65,"column":6},"end":{"line":70,"column":7}},"54":{"start":{"line":65,"column":19},"end":{"line":65,"column":20}},"55":{"start":{"line":67,"column":8},"end":{"line":67,"column":29}},"56":{"start":{"line":68,"column":8},"end":{"line":68,"column":23}},"57":{"start":{"line":69,"column":8},"end":{"line":69,"column":23}},"58":{"start":{"line":71,"column":6},"end":{"line":73,"column":7}},"59":{"start":{"line":72,"column":8},"end":{"line":72,"column":19}},"60":{"start":{"line":75,"column":4},"end":{"line":75,"column":40}}},"fnMap":{"0":{"name":"(anonymous_0)","decl":{"start":{"line":18,"column":16},"end":{"line":18,"column":17}},"loc":{"start":{"line":18,"column":25},"end":{"line":29,"column":1}},"line":18},"1":{"name":"(anonymous_1)","decl":{"start":{"line":30,"column":19},"end":{"line":30,"column":20}},"loc":{"start":{"line":30,"column":28},"end":{"line":30,"column":41}},"line":30},"2":{"name":"(anonymous_2)","decl":{"start":{"line":31,"column":16},"end":{"line":31,"column":17}},"loc":{"start":{"line":31,"column":25},"end":{"line":31,"column":49}},"line":31},"3":{"name":"(anonymous_3)","decl":{"start":{"line":32,"column":16},"end":{"line":32,"column":17}},"loc":{"start":{"line":32,"column":25},"end":{"line":32,"column":49}},"line":32},"4":{"name":"(anonymous_4)","decl":{"start":{"line":33,"column":15},"end":{"line":33,"column":16}},"loc":{"start":{"line":33,"column":24},"end":{"line":33,"column":47}},"line":33},"5":{"name":"(anonymous_5)","decl":{"start":{"line":34,"column":17},"end":{"line":34,"column":18}},"loc":{"start":{"line":34,"column":26},"end":{"line":34,"column":51}},"line":34},"6":{"name":"(anonymous_6)","decl":{"start":{"line":35,"column":15},"end":{"line":35,"column":16}},"loc":{"start":{"line":35,"column":24},"end":{"line":35,"column":47}},"line":35},"7":{"name":"(anonymous_7)","decl":{"start":{"line":36,"column":20},"end":{"line":36,"column":21}},"loc":{"start":{"line":36,"column":29},"end":{"line":36,"column":57}},"line":36},"8":{"name":"(anonymous_8)","decl":{"start":{"line":37,"column":14},"end":{"line":37,"column":15}},"loc":{"start":{"line":37,"column":23},"end":{"line":37,"column":45}},"line":37},"9":{"name":"(anonymous_9)","decl":{"start":{"line":38,"column":16},"end":{"line":38,"column":17}},"loc":{"start":{"line":38,"column":25},"end":{"line":38,"column":49}},"line":38},"10":{"name":"(anonymous_10)","decl":{"start":{"line":39,"column":23},"end":{"line":39,"column":24}},"loc":{"start":{"line":39,"column":32},"end":{"line":39,"column":63}},"line":39},"11":{"name":"(anonymous_11)","decl":{"start":{"line":40,"column":18},"end":{"line":40,"column":19}},"loc":{"start":{"line":40,"column":27},"end":{"line":40,"column":53}},"line":40},"12":{"name":"(anonymous_12)","decl":{"start":{"line":41,"column":18},"end":{"line":41,"column":19}},"loc":{"start":{"line":41,"column":27},"end":{"line":41,"column":72}},"line":41},"13":{"name":"(anonymous_13)","decl":{"start":{"line":42,"column":14},"end":{"line":42,"column":15}},"loc":{"start":{"line":42,"column":23},"end":{"line":42,"column":45}},"line":42},"14":{"name":"(anonymous_14)","decl":{"start":{"line":43,"column":14},"end":{"line":43,"column":15}},"loc":{"start":{"line":43,"column":23},"end":{"line":43,"column":45}},"line":43},"15":{"name":"(anonymous_15)","decl":{"start":{"line":44,"column":13},"end":{"line":44,"column":14}},"loc":{"start":{"line":44,"column":22},"end":{"line":44,"column":43}},"line":44},"16":{"name":"(anonymous_16)","decl":{"start":{"line":45,"column":17},"end":{"line":45,"column":18}},"loc":{"start":{"line":45,"column":27},"end":{"line":77,"column":1}},"line":45}},"branchMap":{"0":{"loc":{"start":{"line":20,"column":2},"end":{"line":28,"column":3}},"type":"if","locations":[{"start":{"line":20,"column":2},"end":{"line":28,"column":3}},{"start":{"line":20,"column":2},"end":{"line":28,"column":3}}],"line":20},"1":{"loc":{"start":{"line":20,"column":6},"end":{"line":20,"column":60}},"type":"binary-expr","locations":[{"start":{"line":20,"column":6},"end":{"line":20,"column":27}},{"start":{"line":20,"column":31},"end":{"line":20,"column":60}}],"line":20},"2":{"loc":{"start":{"line":22,"column":8},"end":{"line":28,"column":3}},"type":"if","locations":[{"start":{"line":22,"column":8},"end":{"line":28,"column":3}},{"start":{"line":22,"column":8},"end":{"line":28,"column":3}}],"line":22},"3":{"loc":{"start":{"line":22,"column":11},"end":{"line":22,"column":47}},"type":"binary-expr","locations":[{"start":{"line":22,"column":11},"end":{"line":22,"column":34}},{"start":{"line":22,"column":38},"end":{"line":22,"column":47}}],"line":22},"4":{"loc":{"start":{"line":24,"column":8},"end":{"line":28,"column":3}},"type":"if","locations":[{"start":{"line":24,"column":8},"end":{"line":28,"column":3}},{"start":{"line":24,"column":8},"end":{"line":28,"column":3}}],"line":24},"5":{"loc":{"start":{"line":41,"column":27},"end":{"line":41,"column":72}},"type":"binary-expr","locations":[{"start":{"line":41,"column":27},"end":{"line":41,"column":42}},{"start":{"line":41,"column":46},"end":{"line":41,"column":72}}],"line":41},"6":{"loc":{"start":{"line":49,"column":2},"end":{"line":76,"column":3}},"type":"if","locations":[{"start":{"line":49,"column":2},"end":{"line":76,"column":3}},{"start":{"line":49,"column":2},"end":{"line":76,"column":3}}],"line":49},"7":{"loc":{"start":{"line":49,"column":5},"end":{"line":49,"column":101}},"type":"binary-expr","locations":[{"start":{"line":49,"column":5},"end":{"line":49,"column":10}},{"start":{"line":49,"column":14},"end":{"line":49,"column":101}}],"line":49},"8":{"loc":{"start":{"line":51,"column":8},"end":{"line":76,"column":3}},"type":"if","locations":[{"start":{"line":51,"column":8},"end":{"line":76,"column":3}},{"start":{"line":51,"column":8},"end":{"line":76,"column":3}}],"line":51},"9":{"loc":{"start":{"line":55,"column":4},"end":{"line":74,"column":5}},"type":"if","locations":[{"start":{"line":55,"column":4},"end":{"line":74,"column":5}},{"start":{"line":55,"column":4},"end":{"line":74,"column":5}}],"line":55},"10":{"loc":{"start":{"line":71,"column":6},"end":{"line":73,"column":7}},"type":"if","locations":[{"start":{"line":71,"column":6},"end":{"line":73,"column":7}},{"start":{"line":71,"column":6},"end":{"line":73,"column":7}}],"line":71},"11":{"loc":{"start":{"line":75,"column":11},"end":{"line":75,"column":38}},"type":"binary-expr","locations":[{"start":{"line":75,"column":12},"end":{"line":75,"column":29}},{"start":{"line":75,"column":34},"end":{"line":75,"column":38}}],"line":75}},"s":{"0":1,"1":1,"2":54,"3":6,"4":48,"5":3,"6":45,"7":13,"8":32,"9":1,"10":22,"11":1,"12":8,"13":1,"14":8,"15":1,"16":8,"17":1,"18":12,"19":1,"20":8,"21":1,"22":8,"23":1,"24":8,"25":1,"26":9,"27":1,"28":9,"29":1,"30":9,"31":1,"32":9,"33":1,"34":9,"35":1,"36":0,"37":1,"38":9,"39":1,"40":9,"41":9,"42":9,"43":7,"44":2,"45":0,"46":2,"47":2,"48":2,"49":2,"50":2,"51":2,"52":2,"53":2,"54":2,"55":34,"56":34,"57":34,"58":2,"59":1,"60":2},"f":{"0":54,"1":22,"2":8,"3":8,"4":8,"5":12,"6":8,"7":8,"8":8,"9":9,"10":9,"11":9,"12":9,"13":9,"14":0,"15":9,"16":9},"b":{"0":[6,48],"1":[54,28],"2":[3,45],"3":[48,6],"4":[13,32],"5":[9,4],"6":[7,2],"7":[9,5],"8":[0,2],"9":[2,0],"10":[1,1],"11":[2,2]},"_coverageSchema":"1a1c01bbd47fc00a2c39e90264f33305004495a9","hash":"d3646da416ced1e01fa9a02410d935a96e1c5f08"}
,"F:\\code\\open-source\\ar-easy-validator\\src\\validator.js": {"path":"F:\\code\\open-source\\ar-easy-validator\\src\\validator.js","statementMap":{"0":{"start":{"line":2,"column":13},"end":{"line":2,"column":54}},"1":{"start":{"line":5,"column":15},"end":{"line":5,"column":19}},"2":{"start":{"line":8,"column":2},"end":{"line":10,"column":5}},"3":{"start":{"line":9,"column":4},"end":{"line":9,"column":26}},"4":{"start":{"line":14,"column":0},"end":{"line":28,"column":1}},"5":{"start":{"line":16,"column":2},"end":{"line":19,"column":3}},"6":{"start":{"line":17,"column":4},"end":{"line":17,"column":46}},"7":{"start":{"line":18,"column":4},"end":{"line":18,"column":11}},"8":{"start":{"line":22,"column":2},"end":{"line":25,"column":3}},"9":{"start":{"line":23,"column":4},"end":{"line":23,"column":35}},"10":{"start":{"line":24,"column":4},"end":{"line":24,"column":11}},"11":{"start":{"line":27,"column":2},"end":{"line":27,"column":43}},"12":{"start":{"line":31,"column":0},"end":{"line":89,"column":1}},"13":{"start":{"line":33,"column":2},"end":{"line":39,"column":3}},"14":{"start":{"line":34,"column":4},"end":{"line":34,"column":61}},"15":{"start":{"line":35,"column":4},"end":{"line":35,"column":17}},"16":{"start":{"line":36,"column":9},"end":{"line":39,"column":3}},"17":{"start":{"line":38,"column":4},"end":{"line":38,"column":16}},"18":{"start":{"line":41,"column":18},"end":{"line":41,"column":37}},"19":{"start":{"line":43,"column":2},"end":{"line":86,"column":3}},"20":{"start":{"line":43,"column":14},"end":{"line":43,"column":15}},"21":{"start":{"line":44,"column":17},"end":{"line":44,"column":27}},"22":{"start":{"line":46,"column":4},"end":{"line":85,"column":5}},"23":{"start":{"line":48,"column":6},"end":{"line":48,"column":15}},"24":{"start":{"line":51,"column":20},"end":{"line":51,"column":40}},"25":{"start":{"line":52,"column":52},"end":{"line":52,"column":56}},"26":{"start":{"line":54,"column":6},"end":{"line":84,"column":7}},"27":{"start":{"line":58,"column":8},"end":{"line":58,"column":49}},"28":{"start":{"line":58,"column":36},"end":{"line":58,"column":49}},"29":{"start":{"line":60,"column":28},"end":{"line":60,"column":55}},"30":{"start":{"line":61,"column":23},"end":{"line":61,"column":27}},"31":{"start":{"line":63,"column":8},"end":{"line":71,"column":9}},"32":{"start":{"line":63,"column":20},"end":{"line":63,"column":21}},"33":{"start":{"line":64,"column":27},"end":{"line":64,"column":41}},"34":{"start":{"line":65,"column":28},"end":{"line":65,"column":52}},"35":{"start":{"line":66,"column":27},"end":{"line":66,"column":40}},"36":{"start":{"line":67,"column":10},"end":{"line":67,"column":52}},"37":{"start":{"line":68,"column":10},"end":{"line":70,"column":11}},"38":{"start":{"line":69,"column":12},"end":{"line":69,"column":18}},"39":{"start":{"line":73,"column":8},"end":{"line":79,"column":9}},"40":{"start":{"line":74,"column":10},"end":{"line":74,"column":45}},"41":{"start":{"line":75,"column":10},"end":{"line":75,"column":42}},"42":{"start":{"line":78,"column":10},"end":{"line":78,"column":19}},"43":{"start":{"line":82,"column":8},"end":{"line":82,"column":43}},"44":{"start":{"line":83,"column":8},"end":{"line":83,"column":40}},"45":{"start":{"line":88,"column":2},"end":{"line":88,"column":14}},"46":{"start":{"line":91,"column":20},"end":{"line":98,"column":1}},"47":{"start":{"line":92,"column":2},"end":{"line":97,"column":3}},"48":{"start":{"line":93,"column":4},"end":{"line":93,"column":39}},"49":{"start":{"line":94,"column":4},"end":{"line":94,"column":17}},"50":{"start":{"line":96,"column":4},"end":{"line":96,"column":16}},"51":{"start":{"line":101,"column":21},"end":{"line":111,"column":1}},"52":{"start":{"line":102,"column":2},"end":{"line":110,"column":5}},"53":{"start":{"line":103,"column":14},"end":{"line":103,"column":52}},"54":{"start":{"line":104,"column":4},"end":{"line":107,"column":5}},"55":{"start":{"line":104,"column":63},"end":{"line":104,"column":87}},"56":{"start":{"line":105,"column":9},"end":{"line":107,"column":5}},"57":{"start":{"line":106,"column":6},"end":{"line":106,"column":41}},"58":{"start":{"line":108,"column":4},"end":{"line":108,"column":20}},"59":{"start":{"line":109,"column":4},"end":{"line":109,"column":15}},"60":{"start":{"line":113,"column":25},"end":{"line":122,"column":1}},"61":{"start":{"line":115,"column":2},"end":{"line":121,"column":4}},"62":{"start":{"line":116,"column":17},"end":{"line":116,"column":26}},"63":{"start":{"line":117,"column":4},"end":{"line":118,"column":54}},"64":{"start":{"line":117,"column":27},"end":{"line":117,"column":52}},"65":{"start":{"line":118,"column":9},"end":{"line":118,"column":54}},"66":{"start":{"line":118,"column":29},"end":{"line":118,"column":54}},"67":{"start":{"line":120,"column":4},"end":{"line":120,"column":16}},"68":{"start":{"line":124,"column":18},"end":{"line":149,"column":1}},"69":{"start":{"line":125,"column":13},"end":{"line":125,"column":15}},"70":{"start":{"line":127,"column":2},"end":{"line":139,"column":3}},"71":{"start":{"line":129,"column":4},"end":{"line":129,"column":20}},"72":{"start":{"line":130,"column":8},"end":{"line":139,"column":3}},"73":{"start":{"line":132,"column":4},"end":{"line":132,"column":19}},"74":{"start":{"line":133,"column":8},"end":{"line":139,"column":3}},"75":{"start":{"line":135,"column":4},"end":{"line":135,"column":20}},"76":{"start":{"line":137,"column":4},"end":{"line":137,"column":37}},"77":{"start":{"line":138,"column":4},"end":{"line":138,"column":17}},"78":{"start":{"line":141,"column":13},"end":{"line":141,"column":18}},"79":{"start":{"line":142,"column":2},"end":{"line":146,"column":3}},"80":{"start":{"line":143,"column":19},"end":{"line":143,"column":58}},"81":{"start":{"line":143,"column":59},"end":{"line":143,"column":65}},"82":{"start":{"line":144,"column":18},"end":{"line":144,"column":56}},"83":{"start":{"line":144,"column":57},"end":{"line":144,"column":63}},"84":{"start":{"line":145,"column":13},"end":{"line":145,"column":52}},"85":{"start":{"line":145,"column":53},"end":{"line":145,"column":59}},"86":{"start":{"line":148,"column":2},"end":{"line":148,"column":14}},"87":{"start":{"line":151,"column":18},"end":{"line":158,"column":1}},"88":{"start":{"line":152,"column":2},"end":{"line":155,"column":3}},"89":{"start":{"line":153,"column":4},"end":{"line":153,"column":37}},"90":{"start":{"line":154,"column":4},"end":{"line":154,"column":17}},"91":{"start":{"line":157,"column":2},"end":{"line":157,"column":14}},"92":{"start":{"line":160,"column":27},"end":{"line":172,"column":1}},"93":{"start":{"line":161,"column":2},"end":{"line":164,"column":3}},"94":{"start":{"line":162,"column":4},"end":{"line":162,"column":37}},"95":{"start":{"line":163,"column":4},"end":{"line":163,"column":17}},"96":{"start":{"line":166,"column":13},"end":{"line":166,"column":17}},"97":{"start":{"line":167,"column":2},"end":{"line":169,"column":3}},"98":{"start":{"line":168,"column":4},"end":{"line":168,"column":34}},"99":{"start":{"line":171,"column":2},"end":{"line":171,"column":35}},"100":{"start":{"line":174,"column":27},"end":{"line":193,"column":1}},"101":{"start":{"line":175,"column":14},"end":{"line":175,"column":34}},"102":{"start":{"line":176,"column":2},"end":{"line":179,"column":3}},"103":{"start":{"line":177,"column":4},"end":{"line":177,"column":37}},"104":{"start":{"line":178,"column":4},"end":{"line":178,"column":17}},"105":{"start":{"line":180,"column":14},"end":{"line":180,"column":23}},"106":{"start":{"line":182,"column":2},"end":{"line":192,"column":3}},"107":{"start":{"line":183,"column":14},"end":{"line":183,"column":39}},"108":{"start":{"line":184,"column":15},"end":{"line":184,"column":41}},"109":{"start":{"line":185,"column":15},"end":{"line":185,"column":35}},"110":{"start":{"line":186,"column":16},"end":{"line":186,"column":37}},"111":{"start":{"line":187,"column":14},"end":{"line":187,"column":39}},"112":{"start":{"line":188,"column":15},"end":{"line":188,"column":41}},"113":{"start":{"line":189,"column":15},"end":{"line":189,"column":35}},"114":{"start":{"line":190,"column":16},"end":{"line":190,"column":37}},"115":{"start":{"line":191,"column":13},"end":{"line":191,"column":26}},"116":{"start":{"line":195,"column":26},"end":{"line":202,"column":1}},"117":{"start":{"line":196,"column":2},"end":{"line":200,"column":3}},"118":{"start":{"line":196,"column":14},"end":{"line":196,"column":15}},"119":{"start":{"line":197,"column":17},"end":{"line":197,"column":25}},"120":{"start":{"line":198,"column":15},"end":{"line":198,"column":44}},"121":{"start":{"line":199,"column":4},"end":{"line":199,"column":27}},"122":{"start":{"line":199,"column":14},"end":{"line":199,"column":27}},"123":{"start":{"line":201,"column":2},"end":{"line":201,"column":14}}},"fnMap":{"0":{"name":"Validator","decl":{"start":{"line":4,"column":9},"end":{"line":4,"column":18}},"loc":{"start":{"line":4,"column":20},"end":{"line":11,"column":1}},"line":4},"1":{"name":"(anonymous_1)","decl":{"start":{"line":8,"column":28},"end":{"line":8,"column":29}},"loc":{"start":{"line":8,"column":35},"end":{"line":10,"column":3}},"line":8},"2":{"name":"(anonymous_2)","decl":{"start":{"line":14,"column":31},"end":{"line":14,"column":32}},"loc":{"start":{"line":14,"column":55},"end":{"line":28,"column":1}},"line":14},"3":{"name":"(anonymous_3)","decl":{"start":{"line":31,"column":31},"end":{"line":31,"column":32}},"loc":{"start":{"line":31,"column":52},"end":{"line":89,"column":1}},"line":31},"4":{"name":"(anonymous_4)","decl":{"start":{"line":91,"column":20},"end":{"line":91,"column":21}},"loc":{"start":{"line":91,"column":37},"end":{"line":98,"column":1}},"line":91},"5":{"name":"(anonymous_5)","decl":{"start":{"line":101,"column":21},"end":{"line":101,"column":22}},"loc":{"start":{"line":101,"column":32},"end":{"line":111,"column":1}},"line":101},"6":{"name":"(anonymous_6)","decl":{"start":{"line":102,"column":32},"end":{"line":102,"column":33}},"loc":{"start":{"line":102,"column":39},"end":{"line":110,"column":3}},"line":102},"7":{"name":"(anonymous_7)","decl":{"start":{"line":113,"column":25},"end":{"line":113,"column":26}},"loc":{"start":{"line":113,"column":36},"end":{"line":122,"column":1}},"line":113},"8":{"name":"(anonymous_8)","decl":{"start":{"line":115,"column":19},"end":{"line":115,"column":20}},"loc":{"start":{"line":115,"column":27},"end":{"line":121,"column":3}},"line":115},"9":{"name":"(anonymous_9)","decl":{"start":{"line":124,"column":18},"end":{"line":124,"column":19}},"loc":{"start":{"line":124,"column":54},"end":{"line":149,"column":1}},"line":124},"10":{"name":"(anonymous_10)","decl":{"start":{"line":151,"column":18},"end":{"line":151,"column":19}},"loc":{"start":{"line":151,"column":29},"end":{"line":158,"column":1}},"line":151},"11":{"name":"(anonymous_11)","decl":{"start":{"line":160,"column":27},"end":{"line":160,"column":28}},"loc":{"start":{"line":160,"column":44},"end":{"line":172,"column":1}},"line":160},"12":{"name":"(anonymous_12)","decl":{"start":{"line":174,"column":27},"end":{"line":174,"column":28}},"loc":{"start":{"line":174,"column":44},"end":{"line":193,"column":1}},"line":174},"13":{"name":"(anonymous_13)","decl":{"start":{"line":195,"column":26},"end":{"line":195,"column":27}},"loc":{"start":{"line":195,"column":44},"end":{"line":202,"column":1}},"line":195}},"branchMap":{"0":{"loc":{"start":{"line":16,"column":2},"end":{"line":19,"column":3}},"type":"if","locations":[{"start":{"line":16,"column":2},"end":{"line":19,"column":3}},{"start":{"line":16,"column":2},"end":{"line":19,"column":3}}],"line":16},"1":{"loc":{"start":{"line":16,"column":5},"end":{"line":16,"column":98}},"type":"binary-expr","locations":[{"start":{"line":16,"column":5},"end":{"line":16,"column":39}},{"start":{"line":16,"column":43},"end":{"line":16,"column":65}},{"start":{"line":16,"column":69},"end":{"line":16,"column":98}}],"line":16},"2":{"loc":{"start":{"line":22,"column":2},"end":{"line":25,"column":3}},"type":"if","locations":[{"start":{"line":22,"column":2},"end":{"line":25,"column":3}},{"start":{"line":22,"column":2},"end":{"line":25,"column":3}}],"line":22},"3":{"loc":{"start":{"line":33,"column":2},"end":{"line":39,"column":3}},"type":"if","locations":[{"start":{"line":33,"column":2},"end":{"line":39,"column":3}},{"start":{"line":33,"column":2},"end":{"line":39,"column":3}}],"line":33},"4":{"loc":{"start":{"line":33,"column":5},"end":{"line":33,"column":64}},"type":"binary-expr","locations":[{"start":{"line":33,"column":5},"end":{"line":33,"column":34}},{"start":{"line":33,"column":38},"end":{"line":33,"column":64}}],"line":33},"5":{"loc":{"start":{"line":36,"column":9},"end":{"line":39,"column":3}},"type":"if","locations":[{"start":{"line":36,"column":9},"end":{"line":39,"column":3}},{"start":{"line":36,"column":9},"end":{"line":39,"column":3}}],"line":36},"6":{"loc":{"start":{"line":36,"column":12},"end":{"line":36,"column":58}},"type":"binary-expr","locations":[{"start":{"line":36,"column":12},"end":{"line":36,"column":32}},{"start":{"line":36,"column":36},"end":{"line":36,"column":58}}],"line":36},"7":{"loc":{"start":{"line":46,"column":4},"end":{"line":85,"column":5}},"type":"if","locations":[{"start":{"line":46,"column":4},"end":{"line":85,"column":5}},{"start":{"line":46,"column":4},"end":{"line":85,"column":5}}],"line":46},"8":{"loc":{"start":{"line":54,"column":6},"end":{"line":84,"column":7}},"type":"if","locations":[{"start":{"line":54,"column":6},"end":{"line":84,"column":7}},{"start":{"line":54,"column":6},"end":{"line":84,"column":7}}],"line":54},"9":{"loc":{"start":{"line":58,"column":8},"end":{"line":58,"column":49}},"type":"if","locations":[{"start":{"line":58,"column":8},"end":{"line":58,"column":49}},{"start":{"line":58,"column":8},"end":{"line":58,"column":49}}],"line":58},"10":{"loc":{"start":{"line":68,"column":10},"end":{"line":70,"column":11}},"type":"if","locations":[{"start":{"line":68,"column":10},"end":{"line":70,"column":11}},{"start":{"line":68,"column":10},"end":{"line":70,"column":11}}],"line":68},"11":{"loc":{"start":{"line":73,"column":8},"end":{"line":79,"column":9}},"type":"if","locations":[{"start":{"line":73,"column":8},"end":{"line":79,"column":9}},{"start":{"line":73,"column":8},"end":{"line":79,"column":9}}],"line":73},"12":{"loc":{"start":{"line":92,"column":2},"end":{"line":97,"column":3}},"type":"if","locations":[{"start":{"line":92,"column":2},"end":{"line":97,"column":3}},{"start":{"line":92,"column":2},"end":{"line":97,"column":3}}],"line":92},"13":{"loc":{"start":{"line":104,"column":4},"end":{"line":107,"column":5}},"type":"if","locations":[{"start":{"line":104,"column":4},"end":{"line":107,"column":5}},{"start":{"line":104,"column":4},"end":{"line":107,"column":5}}],"line":104},"14":{"loc":{"start":{"line":104,"column":7},"end":{"line":104,"column":61}},"type":"binary-expr","locations":[{"start":{"line":104,"column":7},"end":{"line":104,"column":10}},{"start":{"line":104,"column":14},"end":{"line":104,"column":35}},{"start":{"line":104,"column":39},"end":{"line":104,"column":61}}],"line":104},"15":{"loc":{"start":{"line":105,"column":9},"end":{"line":107,"column":5}},"type":"if","locations":[{"start":{"line":105,"column":9},"end":{"line":107,"column":5}},{"start":{"line":105,"column":9},"end":{"line":107,"column":5}}],"line":105},"16":{"loc":{"start":{"line":117,"column":4},"end":{"line":118,"column":54}},"type":"if","locations":[{"start":{"line":117,"column":4},"end":{"line":118,"column":54}},{"start":{"line":117,"column":4},"end":{"line":118,"column":54}}],"line":117},"17":{"loc":{"start":{"line":118,"column":9},"end":{"line":118,"column":54}},"type":"if","locations":[{"start":{"line":118,"column":9},"end":{"line":118,"column":54}},{"start":{"line":118,"column":9},"end":{"line":118,"column":54}}],"line":118},"18":{"loc":{"start":{"line":124,"column":32},"end":{"line":124,"column":49}},"type":"default-arg","locations":[{"start":{"line":124,"column":45},"end":{"line":124,"column":49}}],"line":124},"19":{"loc":{"start":{"line":127,"column":2},"end":{"line":139,"column":3}},"type":"if","locations":[{"start":{"line":127,"column":2},"end":{"line":139,"column":3}},{"start":{"line":127,"column":2},"end":{"line":139,"column":3}}],"line":127},"20":{"loc":{"start":{"line":130,"column":8},"end":{"line":139,"column":3}},"type":"if","locations":[{"start":{"line":130,"column":8},"end":{"line":139,"column":3}},{"start":{"line":130,"column":8},"end":{"line":139,"column":3}}],"line":130},"21":{"loc":{"start":{"line":130,"column":11},"end":{"line":130,"column":44}},"type":"binary-expr","locations":[{"start":{"line":130,"column":11},"end":{"line":130,"column":21}},{"start":{"line":130,"column":25},"end":{"line":130,"column":44}}],"line":130},"22":{"loc":{"start":{"line":133,"column":8},"end":{"line":139,"column":3}},"type":"if","locations":[{"start":{"line":133,"column":8},"end":{"line":139,"column":3}},{"start":{"line":133,"column":8},"end":{"line":139,"column":3}}],"line":133},"23":{"loc":{"start":{"line":142,"column":2},"end":{"line":146,"column":3}},"type":"switch","locations":[{"start":{"line":143,"column":4},"end":{"line":143,"column":65}},{"start":{"line":144,"column":4},"end":{"line":144,"column":63}},{"start":{"line":145,"column":4},"end":{"line":145,"column":59}}],"line":142},"24":{"loc":{"start":{"line":152,"column":2},"end":{"line":155,"column":3}},"type":"if","locations":[{"start":{"line":152,"column":2},"end":{"line":155,"column":3}},{"start":{"line":152,"column":2},"end":{"line":155,"column":3}}],"line":152},"25":{"loc":{"start":{"line":152,"column":5},"end":{"line":152,"column":76}},"type":"binary-expr","locations":[{"start":{"line":152,"column":5},"end":{"line":152,"column":26}},{"start":{"line":152,"column":32},"end":{"line":152,"column":52}},{"start":{"line":152,"column":56},"end":{"line":152,"column":74}}],"line":152},"26":{"loc":{"start":{"line":161,"column":2},"end":{"line":164,"column":3}},"type":"if","locations":[{"start":{"line":161,"column":2},"end":{"line":164,"column":3}},{"start":{"line":161,"column":2},"end":{"line":164,"column":3}}],"line":161},"27":{"loc":{"start":{"line":167,"column":2},"end":{"line":169,"column":3}},"type":"if","locations":[{"start":{"line":167,"column":2},"end":{"line":169,"column":3}},{"start":{"line":167,"column":2},"end":{"line":169,"column":3}}],"line":167},"28":{"loc":{"start":{"line":171,"column":9},"end":{"line":171,"column":34}},"type":"binary-expr","locations":[{"start":{"line":171,"column":9},"end":{"line":171,"column":13}},{"start":{"line":171,"column":17},"end":{"line":171,"column":34}}],"line":171},"29":{"loc":{"start":{"line":176,"column":2},"end":{"line":179,"column":3}},"type":"if","locations":[{"start":{"line":176,"column":2},"end":{"line":179,"column":3}},{"start":{"line":176,"column":2},"end":{"line":179,"column":3}}],"line":176},"30":{"loc":{"start":{"line":182,"column":2},"end":{"line":192,"column":3}},"type":"switch","locations":[{"start":{"line":183,"column":4},"end":{"line":183,"column":39}},{"start":{"line":184,"column":4},"end":{"line":184,"column":41}},{"start":{"line":185,"column":4},"end":{"line":185,"column":35}},{"start":{"line":186,"column":4},"end":{"line":186,"column":37}},{"start":{"line":187,"column":4},"end":{"line":187,"column":39}},{"start":{"line":188,"column":4},"end":{"line":188,"column":41}},{"start":{"line":189,"column":4},"end":{"line":189,"column":35}},{"start":{"line":190,"column":4},"end":{"line":190,"column":37}},{"start":{"line":191,"column":4},"end":{"line":191,"column":26}}],"line":182},"31":{"loc":{"start":{"line":199,"column":4},"end":{"line":199,"column":27}},"type":"if","locations":[{"start":{"line":199,"column":4},"end":{"line":199,"column":27}},{"start":{"line":199,"column":4},"end":{"line":199,"column":27}}],"line":199}},"s":{"0":1,"1":1,"2":1,"3":17,"4":1,"5":0,"6":0,"7":0,"8":0,"9":0,"10":0,"11":0,"12":1,"13":8,"14":0,"15":0,"16":8,"17":0,"18":8,"19":8,"20":8,"21":8,"22":8,"23":0,"24":8,"25":8,"26":8,"27":0,"28":0,"29":0,"30":0,"31":0,"32":0,"33":0,"34":0,"35":0,"36":0,"37":0,"38":0,"39":0,"40":0,"41":0,"42":0,"43":8,"44":8,"45":0,"46":1,"47":8,"48":5,"49":5,"50":3,"51":1,"52":8,"53":8,"54":8,"55":0,"56":8,"57":0,"58":8,"59":8,"60":1,"61":0,"62":0,"63":0,"64":0,"65":0,"66":0,"67":0,"68":1,"69":13,"70":13,"71":5,"72":8,"73":3,"74":5,"75":5,"76":0,"77":0,"78":13,"79":13,"80":5,"81":5,"82":3,"83":3,"84":5,"85":5,"86":13,"87":1,"88":0,"89":0,"90":0,"91":0,"92":1,"93":5,"94":0,"95":0,"96":5,"97":5,"98":3,"99":5,"100":1,"101":5,"102":5,"103":0,"104":0,"105":5,"106":5,"107":0,"108":0,"109":0,"110":5,"111":0,"112":0,"113":0,"114":0,"115":0,"116":1,"117":3,"118":3,"119":5,"120":5,"121":5,"122":2,"123":1},"f":{"0":1,"1":17,"2":0,"3":8,"4":8,"5":8,"6":8,"7":0,"8":0,"9":13,"10":0,"11":5,"12":5,"13":3},"b":{"0":[0,0],"1":[0,0,0],"2":[0,0],"3":[0,8],"4":[8,8],"5":[0,8],"6":[8,8],"7":[0,8],"8":[0,8],"9":[0,0],"10":[0,0],"11":[0,0],"12":[5,3],"13":[0,8],"14":[8,8,8],"15":[0,8],"16":[0,0],"17":[0,0],"18":[8],"19":[5,8],"20":[3,5],"21":[8,6],"22":[5,0],"23":[5,3,5],"24":[0,0],"25":[0,0,0],"26":[0,5],"27":[3,2],"28":[5,4],"29":[0,5],"30":[0,0,0,5,0,0,0,0,0],"31":[2,3]},"_coverageSchema":"1a1c01bbd47fc00a2c39e90264f33305004495a9","hash":"481eb2d7145e784e851ab6d0ead7adbe823d90c5"}
}
