TN:
SF:src\rule.js
FN:18,(anonymous_0)
FN:30,(anonymous_1)
FN:31,(anonymous_2)
FN:32,(anonymous_3)
FN:33,(anonymous_4)
FN:34,(anonymous_5)
FN:35,(anonymous_6)
FN:36,(anonymous_7)
FN:37,(anonymous_8)
FN:38,(anonymous_9)
FN:39,(anonymous_10)
FN:40,(anonymous_11)
FN:41,(anonymous_12)
FN:42,(anonymous_13)
FN:43,(anonymous_14)
FN:44,(anonymous_15)
FN:45,(anonymous_16)
FNF:17
FNH:16
FNDA:54,(anonymous_0)
FNDA:22,(anonymous_1)
FNDA:8,(anonymous_2)
FNDA:8,(anonymous_3)
FNDA:8,(anonymous_4)
FNDA:12,(anonymous_5)
FNDA:8,(anonymous_6)
FNDA:8,(anonymous_7)
FNDA:8,(anonymous_8)
FNDA:9,(anonymous_9)
FNDA:9,(anonymous_10)
FNDA:9,(anonymous_11)
FNDA:9,(anonymous_12)
FNDA:9,(anonymous_13)
FNDA:0,(anonymous_14)
FNDA:9,(anonymous_15)
FNDA:9,(anonymous_16)
DA:1,1
DA:18,1
DA:20,54
DA:21,6
DA:22,48
DA:23,3
DA:24,45
DA:25,13
DA:27,32
DA:30,22
DA:31,8
DA:32,8
DA:33,8
DA:34,12
DA:35,8
DA:36,8
DA:37,8
DA:38,9
DA:39,9
DA:40,9
DA:41,9
DA:42,9
DA:43,1
DA:44,9
DA:45,1
DA:46,9
DA:47,9
DA:49,9
DA:50,7
DA:51,2
DA:52,0
DA:55,2
DA:56,2
DA:59,2
DA:61,2
DA:62,2
DA:63,2
DA:64,2
DA:65,2
DA:67,34
DA:68,34
DA:69,34
DA:71,2
DA:72,1
DA:75,2
LF:45
LH:44
BRDA:20,0,0,6
BRDA:20,0,1,48
BRDA:20,1,0,54
BRDA:20,1,1,28
BRDA:22,2,0,3
BRDA:22,2,1,45
BRDA:22,3,0,48
BRDA:22,3,1,6
BRDA:24,4,0,13
BRDA:24,4,1,32
BRDA:41,5,0,9
BRDA:41,5,1,4
BRDA:49,6,0,7
BRDA:49,6,1,2
BRDA:49,7,0,9
BRDA:49,7,1,5
BRDA:51,8,0,0
BRDA:51,8,1,2
BRDA:55,9,0,2
BRDA:55,9,1,0
BRDA:71,10,0,1
BRDA:71,10,1,1
BRDA:75,11,0,2
BRDA:75,11,1,2
BRF:24
BRH:22
end_of_record
TN:
SF:src\validator.js
FN:4,Validator
FN:8,(anonymous_1)
FN:14,(anonymous_2)
FN:31,(anonymous_3)
FN:91,(anonymous_4)
FN:101,(anonymous_5)
FN:102,(anonymous_6)
FN:113,(anonymous_7)
FN:115,(anonymous_8)
FN:124,(anonymous_9)
FN:151,(anonymous_10)
FN:160,(anonymous_11)
FN:174,(anonymous_12)
FN:195,(anonymous_13)
FNF:14
FNH:10
FNDA:1,Validator
FNDA:17,(anonymous_1)
FNDA:0,(anonymous_2)
FNDA:8,(anonymous_3)
FNDA:8,(anonymous_4)
FNDA:8,(anonymous_5)
FNDA:8,(anonymous_6)
FNDA:0,(anonymous_7)
FNDA:0,(anonymous_8)
FNDA:13,(anonymous_9)
FNDA:0,(anonymous_10)
FNDA:5,(anonymous_11)
FNDA:5,(anonymous_12)
FNDA:3,(anonymous_13)
DA:2,1
DA:5,1
DA:8,1
DA:9,17
DA:14,1
DA:16,0
DA:17,0
DA:18,0
DA:22,0
DA:23,0
DA:24,0
DA:27,0
DA:31,1
DA:33,8
DA:34,0
DA:35,0
DA:36,8
DA:38,0
DA:41,8
DA:43,8
DA:44,8
DA:46,8
DA:48,0
DA:51,8
DA:52,8
DA:54,8
DA:58,0
DA:60,0
DA:61,0
DA:63,0
DA:64,0
DA:65,0
DA:66,0
DA:67,0
DA:68,0
DA:69,0
DA:73,0
DA:74,0
DA:75,0
DA:78,0
DA:82,8
DA:83,8
DA:88,0
DA:91,1
DA:92,8
DA:93,5
DA:94,5
DA:96,3
DA:101,1
DA:102,8
DA:103,8
DA:104,8
DA:105,8
DA:106,0
DA:108,8
DA:109,8
DA:113,1
DA:115,0
DA:116,0
DA:117,0
DA:118,0
DA:120,0
DA:124,1
DA:125,13
DA:127,13
DA:129,5
DA:130,8
DA:132,3
DA:133,5
DA:135,5
DA:137,0
DA:138,0
DA:141,13
DA:142,13
DA:143,5
DA:144,3
DA:145,5
DA:148,13
DA:151,1
DA:152,0
DA:153,0
DA:154,0
DA:157,0
DA:160,1
DA:161,5
DA:162,0
DA:163,0
DA:166,5
DA:167,5
DA:168,3
DA:171,5
DA:174,1
DA:175,5
DA:176,5
DA:177,0
DA:178,0
DA:180,5
DA:182,5
DA:183,0
DA:184,0
DA:185,0
DA:186,5
DA:187,0
DA:188,0
DA:189,0
DA:190,0
DA:191,0
DA:195,1
DA:196,3
DA:197,5
DA:198,5
DA:199,5
DA:201,1
LF:113
LH:63
BRDA:16,0,0,0
BRDA:16,0,1,0
BRDA:16,1,0,0
BRDA:16,1,1,0
BRDA:16,1,2,0
BRDA:22,2,0,0
BRDA:22,2,1,0
BRDA:33,3,0,0
BRDA:33,3,1,8
BRDA:33,4,0,8
BRDA:33,4,1,8
BRDA:36,5,0,0
BRDA:36,5,1,8
BRDA:36,6,0,8
BRDA:36,6,1,8
BRDA:46,7,0,0
BRDA:46,7,1,8
BRDA:54,8,0,0
BRDA:54,8,1,8
BRDA:58,9,0,0
BRDA:58,9,1,0
BRDA:68,10,0,0
BRDA:68,10,1,0
BRDA:73,11,0,0
BRDA:73,11,1,0
BRDA:92,12,0,5
BRDA:92,12,1,3
BRDA:104,13,0,0
BRDA:104,13,1,8
BRDA:104,14,0,8
BRDA:104,14,1,8
BRDA:104,14,2,8
BRDA:105,15,0,0
BRDA:105,15,1,8
BRDA:117,16,0,0
BRDA:117,16,1,0
BRDA:118,17,0,0
BRDA:118,17,1,0
BRDA:124,18,0,8
BRDA:127,19,0,5
BRDA:127,19,1,8
BRDA:130,20,0,3
BRDA:130,20,1,5
BRDA:130,21,0,8
BRDA:130,21,1,6
BRDA:133,22,0,5
BRDA:133,22,1,0
BRDA:142,23,0,5
BRDA:142,23,1,3
BRDA:142,23,2,5
BRDA:152,24,0,0
BRDA:152,24,1,0
BRDA:152,25,0,0
BRDA:152,25,1,0
BRDA:152,25,2,0
BRDA:161,26,0,0
BRDA:161,26,1,5
BRDA:167,27,0,3
BRDA:167,27,1,2
BRDA:171,28,0,5
BRDA:171,28,1,4
BRDA:176,29,0,0
BRDA:176,29,1,5
BRDA:182,30,0,0
BRDA:182,30,1,0
BRDA:182,30,2,0
BRDA:182,30,3,5
BRDA:182,30,4,0
BRDA:182,30,5,0
BRDA:182,30,6,0
BRDA:182,30,7,0
BRDA:182,30,8,0
BRDA:199,31,0,2
BRDA:199,31,1,3
BRF:74
BRH:35
end_of_record
