TN:
SF:src\rule.js
FN:18,(anonymous_0)
FN:30,(anonymous_1)
FN:31,(anonymous_2)
FN:32,(anonymous_3)
FN:33,(anonymous_4)
FN:34,(anonymous_5)
FN:35,(anonymous_6)
FN:36,(anonymous_7)
FN:37,(anonymous_8)
FN:38,(anonymous_9)
FN:39,(anonymous_10)
FN:40,(anonymous_11)
FN:41,(anonymous_12)
FN:42,(anonymous_13)
FN:43,(anonymous_14)
FN:44,(anonymous_15)
FN:45,(anonymous_16)
FNF:17
FNH:16
FNDA:25,(anonymous_0)
FNDA:17,(anonymous_1)
FNDA:8,(anonymous_2)
FNDA:8,(anonymous_3)
FNDA:8,(anonymous_4)
FNDA:10,(anonymous_5)
FNDA:8,(anonymous_6)
FNDA:8,(anonymous_7)
FNDA:8,(anonymous_8)
FNDA:9,(anonymous_9)
FNDA:9,(anonymous_10)
FNDA:9,(anonymous_11)
FNDA:9,(anonymous_12)
FNDA:9,(anonymous_13)
FNDA:0,(anonymous_14)
FNDA:9,(anonymous_15)
FNDA:9,(anonymous_16)
DA:1,1
DA:18,1
DA:20,25
DA:21,6
DA:22,19
DA:23,3
DA:24,16
DA:25,11
DA:27,5
DA:30,17
DA:31,8
DA:32,8
DA:33,8
DA:34,10
DA:35,8
DA:36,8
DA:37,8
DA:38,9
DA:39,9
DA:40,9
DA:41,9
DA:42,9
DA:43,1
DA:44,9
DA:45,1
DA:46,9
DA:47,9
DA:49,9
DA:50,7
DA:51,2
DA:52,0
DA:55,2
DA:56,2
DA:59,2
DA:61,2
DA:62,2
DA:63,2
DA:64,2
DA:65,2
DA:67,34
DA:68,34
DA:69,34
DA:71,2
DA:72,1
DA:75,2
LF:45
LH:44
BRDA:20,0,0,6
BRDA:20,0,1,19
BRDA:20,1,0,25
BRDA:20,1,1,6
BRDA:22,2,0,3
BRDA:22,2,1,16
BRDA:22,3,0,19
BRDA:22,3,1,5
BRDA:24,4,0,11
BRDA:24,4,1,5
BRDA:41,5,0,9
BRDA:41,5,1,4
BRDA:49,6,0,7
BRDA:49,6,1,2
BRDA:49,7,0,9
BRDA:49,7,1,5
BRDA:51,8,0,0
BRDA:51,8,1,2
BRDA:55,9,0,2
BRDA:55,9,1,0
BRDA:71,10,0,1
BRDA:71,10,1,1
BRDA:75,11,0,2
BRDA:75,11,1,2
BRF:24
BRH:22
end_of_record
TN:
SF:src\validator.js
FN:3,Validator
FN:6,(anonymous_1)
FN:15,(anonymous_2)
FN:16,(anonymous_3)
FN:21,camelCase
FNF:5
FNH:3
FNDA:1,Validator
FNDA:14,(anonymous_1)
FNDA:0,(anonymous_2)
FNDA:0,(anonymous_3)
FNDA:14,camelCase
DA:4,1
DA:6,1
DA:7,14
DA:8,14
DA:9,14
DA:10,14
DA:11,14
DA:15,1
DA:16,0
DA:17,0
DA:22,14
DA:23,14
DA:24,14
LF:13
LH:11
BRF:0
BRH:0
end_of_record
